<?xml version="1.0" encoding="UTF-8"?>
<!-- Generated by org.testng.reporters.JUnitReportReporter -->
<testsuite skipped="0" hostname="PrinceK-HR" name="ProductTest.ProductTest" tests="2" failures="1" timestamp="24 Dec 2018 10:31:28 GMT" time="14.355" errors="0">
  <testcase name="goToICIXPrd" time="4.508" classname="ProductTest.ProductTest"/>
  <testcase name="searchForTP" time="9.847" classname="ProductTest.ProductTest">
    <failure type="com.codeborne.selenide.ex.ElementShouldNot" message="Element should not be visible {By.id: btnProductSearch}
Element: &#039;&lt;button class=&quot;slds-button slds-button--brand&quot; disabled=&quot;disabled&quot; id=&quot;btnProductSearch&quot; ng-click=&quot;vm.productSearch()&quot; ng-disabled=&quot;!vm.search.SearchTradingPartner.id&quot; type=&quot;button&quot;&gt;Search&lt;/button&gt;&#039;">
      <![CDATA[Element should not be visible {By.id: btnProductSearch}
Element: '<button class="slds-button slds-button--brand" disabled="disabled" id="btnProductSearch" ng-click="vm.productSearch()" ng-disabled="!vm.search.SearchTradingPartner.id" type="button">Search</button>'
Screenshot: file:/D:/Divya/Automation%20Setup/New%20folder/DemoProject/build/reports/tests/1545647487598.0.png
Page source: file:/D:/Divya/Automation%20Setup/New%20folder/DemoProject/build/reports/tests/1545647487598.0.html
Timeout: 4 s.
at com.codeborne.selenide.impl.WebElementSource.checkCondition(WebElementSource.java:63)
at com.codeborne.selenide.commands.ShouldNot.shouldNot(ShouldNot.java:36)
at com.codeborne.selenide.commands.ShouldNot.execute(ShouldNot.java:29)
at com.codeborne.selenide.commands.ShouldNot.execute(ShouldNot.java:12)
at com.codeborne.selenide.commands.Commands.execute(Commands.java:144)
at com.codeborne.selenide.impl.SelenideElementProxy.dispatchAndRetry(SelenideElementProxy.java:90)
at com.codeborne.selenide.impl.SelenideElementProxy.invoke(SelenideElementProxy.java:65)
at com.sun.proxy.$Proxy5.shouldNotBe(Unknown Source)
at BrowserInstance.CommonMethods.visiblewait(CommonMethods.java:17)
at Locators.ProductPage.clickSearchBtn(ProductPage.java:73)
at Locators.ProductPage.searchTPandClick(ProductPage.java:86)
at ProductTest.ProductTest.searchForTP(ProductTest.java:22)
at sun.reflect.NativeMethodAccessorImpl.invoke0(Native Method)
at sun.reflect.NativeMethodAccessorImpl.invoke(NativeMethodAccessorImpl.java:62)
at sun.reflect.DelegatingMethodAccessorImpl.invoke(DelegatingMethodAccessorImpl.java:43)
at java.lang.reflect.Method.invoke(Method.java:498)
at org.testng.internal.MethodInvocationHelper.invokeMethod(MethodInvocationHelper.java:124)
at org.testng.internal.Invoker.invokeMethod(Invoker.java:583)
at org.testng.internal.Invoker.invokeTestMethod(Invoker.java:719)
at org.testng.internal.Invoker.invokeTestMethods(Invoker.java:989)
at org.testng.internal.TestMethodWorker.invokeTestMethods(TestMethodWorker.java:125)
at org.testng.internal.TestMethodWorker.run(TestMethodWorker.java:109)
at org.testng.TestRunner.privateRun(TestRunner.java:648)
at org.testng.TestRunner.run(TestRunner.java:505)
at org.testng.SuiteRunner.runTest(SuiteRunner.java:455)
at org.testng.SuiteRunner.runSequentially(SuiteRunner.java:450)
at org.testng.SuiteRunner.privateRun(SuiteRunner.java:415)
at org.testng.SuiteRunner.run(SuiteRunner.java:364)
at org.testng.SuiteRunnerWorker.runSuite(SuiteRunnerWorker.java:52)
at org.testng.SuiteRunnerWorker.run(SuiteRunnerWorker.java:84)
at org.testng.TestNG.runSuitesSequentially(TestNG.java:1208)
at org.testng.TestNG.runSuitesLocally(TestNG.java:1137)
at org.testng.TestNG.runSuites(TestNG.java:1049)
at org.testng.TestNG.run(TestNG.java:1017)
at org.testng.remote.AbstractRemoteTestNG.run(AbstractRemoteTestNG.java:114)
at org.testng.remote.RemoteTestNG.initAndRun(RemoteTestNG.java:251)
at org.testng.remote.RemoteTestNG.main(RemoteTestNG.java:77)
]]>
    </failure>
  </testcase> <!-- searchForTP -->
</testsuite> <!-- ProductTest.ProductTest -->
